[0m[[0mdebug[0m] [0mRunning TaskDef(com.akkademy.SClientIntegrationSpec, org.scalatest.tools.Framework$$anon$1@5c068d28, false, [SuiteSelector])[0m
[0m[[0minfo[0m] [0m[36mRun completed in 8 seconds, 44 milliseconds.[0m[0m
[0m[[0minfo[0m] [0m[36mTotal number of tests run: 1[0m[0m
[0m[[0minfo[0m] [0m[36mSuites: completed 1, aborted 0[0m[0m
[0m[[0minfo[0m] [0m[36mTests: succeeded 0, failed 1, canceled 0, ignored 0, pending 0[0m[0m
[0m[[0minfo[0m] [0m[31m*** 1 TEST FAILED ***[0m[0m
[0m[[31merror[0m] [0mFailed tests:[0m
[0m[[31merror[0m] [0m	com.akkademy.SClientIntegrationSpec[0m
[0m[[31merror[0m] [0m(test:[31mtest[0m) sbt.TestsFailedException: Tests unsuccessful[0m
